<?xml version="1.0" encoding="UTF-8"?>
<coverage generated="1695702355955" clover="3.2.0">
  <project timestamp="1695702355955" name="All files">
    <metrics statements="59" coveredstatements="49" conditionals="41" coveredconditionals="23" methods="15" coveredmethods="10" elements="115" coveredelements="82" complexity="0" loc="59" ncloc="59" packages="5" files="8" classes="8"/>
    <package name="src">
      <metrics statements="13" coveredstatements="13" conditionals="1" coveredconditionals="1" methods="6" coveredmethods="5"/>
      <file name="test-utils.tsx" path="/Users/swizaesarrezaryann/project/fithub-revamp/dashboard-vite/src/test-utils.tsx">
        <metrics statements="13" coveredstatements="13" conditionals="1" coveredconditionals="1" methods="6" coveredmethods="5"/>
        <line num="1" count="1" type="stmt"/>
        <line num="2" count="1" type="stmt"/>
        <line num="3" count="1" type="stmt"/>
        <line num="4" count="1" type="stmt"/>
        <line num="6" count="1" type="stmt"/>
        <line num="7" count="3" type="stmt"/>
        <line num="8" count="1" type="stmt"/>
        <line num="10" count="1" type="cond" truecount="1" falsecount="0"/>
        <line num="11" count="3" type="stmt"/>
        <line num="13" count="3" type="stmt"/>
        <line num="18" count="1" type="stmt"/>
        <line num="19" count="1" type="stmt"/>
        <line num="20" count="1" type="stmt"/>
      </file>
    </package>
    <package name="src.Components.Loading">
      <metrics statements="4" coveredstatements="3" conditionals="0" coveredconditionals="0" methods="1" coveredmethods="0"/>
      <file name="index.tsx" path="/Users/swizaesarrezaryann/project/fithub-revamp/dashboard-vite/src/Components/Loading/index.tsx">
        <metrics statements="4" coveredstatements="3" conditionals="0" coveredconditionals="0" methods="1" coveredmethods="0"/>
        <line num="1" count="1" type="stmt"/>
        <line num="3" count="1" type="stmt"/>
        <line num="4" count="0" type="stmt"/>
        <line num="13" count="1" type="stmt"/>
      </file>
    </package>
    <package name="src.Components.Partnership">
      <metrics statements="13" coveredstatements="10" conditionals="35" coveredconditionals="21" methods="4" coveredmethods="2"/>
      <file name="ModalDetail.tsx" path="/Users/swizaesarrezaryann/project/fithub-revamp/dashboard-vite/src/Components/Partnership/ModalDetail.tsx">
        <metrics statements="5" coveredstatements="5" conditionals="35" coveredconditionals="21" methods="1" coveredmethods="1"/>
        <line num="1" count="1" type="stmt"/>
        <line num="4" count="1" type="stmt"/>
        <line num="5" count="3" type="stmt"/>
        <line num="7" count="3" type="stmt"/>
        <line num="83" count="1" type="stmt"/>
      </file>
      <file name="Table.tsx" path="/Users/swizaesarrezaryann/project/fithub-revamp/dashboard-vite/src/Components/Partnership/Table.tsx">
        <metrics statements="8" coveredstatements="5" conditionals="0" coveredconditionals="0" methods="3" coveredmethods="1"/>
        <line num="1" count="1" type="stmt"/>
        <line num="9" count="1" type="stmt"/>
        <line num="13" count="3" type="stmt"/>
        <line num="19" count="0" type="stmt"/>
        <line num="23" count="0" type="stmt"/>
        <line num="24" count="0" type="stmt"/>
        <line num="46" count="3" type="stmt"/>
        <line num="55" count="1" type="stmt"/>
      </file>
    </package>
    <package name="src.Mock">
      <metrics statements="11" coveredstatements="6" conditionals="2" coveredconditionals="0" methods="1" coveredmethods="0"/>
      <file name="MockHandler.tsx" path="/Users/swizaesarrezaryann/project/fithub-revamp/dashboard-vite/src/Mock/MockHandler.tsx">
        <metrics statements="8" coveredstatements="3" conditionals="2" coveredconditionals="0" methods="1" coveredmethods="0"/>
        <line num="1" count="1" type="stmt"/>
        <line num="3" count="1" type="stmt"/>
        <line num="7" count="0" type="stmt"/>
        <line num="8" count="0" type="cond" truecount="0" falsecount="1"/>
        <line num="9" count="0" type="stmt"/>
        <line num="30" count="0" type="cond" truecount="0" falsecount="1"/>
        <line num="31" count="0" type="stmt"/>
        <line num="55" count="1" type="stmt"/>
      </file>
      <file name="MockHttpServer.ts" path="/Users/swizaesarrezaryann/project/fithub-revamp/dashboard-vite/src/Mock/MockHttpServer.ts">
        <metrics statements="3" coveredstatements="3" conditionals="0" coveredconditionals="0" methods="0" coveredmethods="0"/>
        <line num="1" count="1" type="stmt"/>
        <line num="2" count="1" type="stmt"/>
        <line num="4" count="1" type="stmt"/>
      </file>
    </package>
    <package name="src.Pages.Auth.Master.Partnership">
      <metrics statements="18" coveredstatements="17" conditionals="3" coveredconditionals="1" methods="3" coveredmethods="3"/>
      <file name="index.tsx" path="/Users/swizaesarrezaryann/project/fithub-revamp/dashboard-vite/src/Pages/Auth/Master/Partnership/index.tsx">
        <metrics statements="15" coveredstatements="14" conditionals="3" coveredconditionals="1" methods="3" coveredmethods="3"/>
        <line num="1" count="1" type="stmt"/>
        <line num="7" count="1" type="stmt"/>
        <line num="8" count="1" type="stmt"/>
        <line num="9" count="1" type="stmt"/>
        <line num="10" count="1" type="stmt"/>
        <line num="11" count="1" type="stmt"/>
        <line num="12" count="1" type="stmt"/>
        <line num="14" count="1" type="stmt"/>
        <line num="25" count="3" type="stmt"/>
        <line num="27" count="3" type="stmt"/>
        <line num="28" count="3" type="cond" truecount="0" falsecount="1"/>
        <line num="29" count="0" type="stmt"/>
        <line num="33" count="3" type="stmt"/>
        <line num="40" count="1" type="stmt"/>
        <line num="90" count="1" type="stmt"/>
      </file>
      <file name="styles.ts" path="/Users/swizaesarrezaryann/project/fithub-revamp/dashboard-vite/src/Pages/Auth/Master/Partnership/styles.ts">
        <metrics statements="3" coveredstatements="3" conditionals="0" coveredconditionals="0" methods="0" coveredmethods="0"/>
        <line num="1" count="1" type="stmt"/>
        <line num="3" count="1" type="stmt"/>
        <line num="10" count="1" type="stmt"/>
      </file>
    </package>
  </project>
</coverage>
