{"/Users/swizaesarrezaryann/project/fithub-revamp/dashboard-vite/src/test-utils.tsx": {"path":"/Users/swizaesarrezaryann/project/fithub-revamp/dashboard-vite/src/test-utils.tsx","statementMap":{"0":{"start":{"line":1,"column":0},"end":{"line":1,"column":35}},"1":{"start":{"line":2,"column":0},"end":{"line":2,"column":48}},"2":{"start":{"line":3,"column":0},"end":{"line":3,"column":50}},"3":{"start":{"line":4,"column":0},"end":{"line":4,"column":38}},"4":{"start":{"line":6,"column":0},"end":{"line":6,"column":36}},"5":{"start":{"line":6,"column":16},"end":{"line":6,"column":34}},"6":{"start":{"line":7,"column":0},"end":{"line":7,"column":43}},"7":{"start":{"line":7,"column":16},"end":{"line":7,"column":41}},"8":{"start":{"line":8,"column":0},"end":{"line":8,"column":34}},"9":{"start":{"line":8,"column":15},"end":{"line":8,"column":32}},"10":{"start":{"line":10,"column":21},"end":{"line":16,"column":6}},"11":{"start":{"line":11,"column":4},"end":{"line":16,"column":6}},"12":{"start":{"line":13,"column":12},"end":{"line":13,"column":71}},"13":{"start":{"line":20,"column":25},"end":{"line":20,"column":31}},"14":{"start":{"line":18,"column":0},"end":{"line":18,"column":39}},"15":{"start":{"line":19,"column":0},"end":{"line":19,"column":9}},"16":{"start":{"line":19,"column":9},"end":{"line":19,"column":29}}},"fnMap":{"0":{"name":"(anonymous_5)","decl":{"start":{"line":6,"column":10},"end":{"line":6,"column":13}},"loc":{"start":{"line":6,"column":16},"end":{"line":6,"column":34}}},"1":{"name":"(anonymous_6)","decl":{"start":{"line":7,"column":10},"end":{"line":7,"column":13}},"loc":{"start":{"line":7,"column":16},"end":{"line":7,"column":41}}},"2":{"name":"(anonymous_7)","decl":{"start":{"line":8,"column":9},"end":{"line":8,"column":12}},"loc":{"start":{"line":8,"column":15},"end":{"line":8,"column":32}}},"3":{"name":"(anonymous_8)","decl":{"start":{"line":10,"column":21},"end":{"line":10,"column":22}},"loc":{"start":{"line":11,"column":4},"end":{"line":16,"column":6}}},"4":{"name":"(anonymous_9)","decl":{"start":{"line":12,"column":17},"end":{"line":12,"column":18}},"loc":{"start":{"line":13,"column":12},"end":{"line":13,"column":71}}},"5":{"name":"(anonymous_10)","decl":{"start":{"line":19,"column":9},"end":{"line":19,"column":16}},"loc":{"start":{"line":19,"column":9},"end":{"line":19,"column":29}}}},"branchMap":{"0":{"loc":{"start":{"line":10,"column":46},"end":{"line":10,"column":58}},"type":"default-arg","locations":[{"start":{"line":10,"column":56},"end":{"line":10,"column":58}}]}},"s":{"0":1,"1":1,"2":1,"3":1,"4":1,"5":1,"6":1,"7":4,"8":1,"9":1,"10":1,"11":5,"12":5,"13":1,"14":1,"15":1,"16":1},"f":{"0":1,"1":4,"2":1,"3":5,"4":5,"5":0},"b":{"0":[5]}}
,"/Users/swizaesarrezaryann/project/fithub-revamp/dashboard-vite/src/Components/Form/Select/Select.style.ts": {"path":"/Users/swizaesarrezaryann/project/fithub-revamp/dashboard-vite/src/Components/Form/Select/Select.style.ts","statementMap":{"0":{"start":{"line":1,"column":0},"end":{"line":1,"column":39}},"1":{"start":{"line":3,"column":14},"end":{"line":9,"column":null}},"2":{"start":{"line":10,"column":0},"end":{"line":10,"column":null}}},"fnMap":{},"branchMap":{},"s":{"0":1,"1":1,"2":1},"f":{},"b":{}}
,"/Users/swizaesarrezaryann/project/fithub-revamp/dashboard-vite/src/Components/Form/Select/index.tsx": {"path":"/Users/swizaesarrezaryann/project/fithub-revamp/dashboard-vite/src/Components/Form/Select/index.tsx","statementMap":{"0":{"start":{"line":2,"column":0},"end":{"line":2,"column":35}},"1":{"start":{"line":12,"column":48},"end":{"line":33,"column":1}},"2":{"start":{"line":18,"column":23},"end":{"line":21,"column":5}},"3":{"start":{"line":19,"column":20},"end":{"line":19,"column":34}},"4":{"start":{"line":20,"column":8},"end":{"line":20,"column":24}},"5":{"start":{"line":22,"column":4},"end":{"line":32,"column":6}},"6":{"start":{"line":25,"column":16},"end":{"line":29,"column":18}},"7":{"start":{"line":34,"column":0},"end":{"line":34,"column":29}}},"fnMap":{"0":{"name":"(anonymous_1)","decl":{"start":{"line":12,"column":48},"end":{"line":12,"column":49}},"loc":{"start":{"line":17,"column":5},"end":{"line":33,"column":1}}},"1":{"name":"(anonymous_2)","decl":{"start":{"line":14,"column":15},"end":{"line":14,"column":18}},"loc":{"start":{"line":14,"column":20},"end":{"line":14,"column":23}}},"2":{"name":"(anonymous_3)","decl":{"start":{"line":18,"column":23},"end":{"line":18,"column":24}},"loc":{"start":{"line":18,"column":34},"end":{"line":21,"column":5}}},"3":{"name":"(anonymous_4)","decl":{"start":{"line":24,"column":25},"end":{"line":24,"column":26}},"loc":{"start":{"line":24,"column":52},"end":{"line":30,"column":13}}}},"branchMap":{"0":{"loc":{"start":{"line":13,"column":4},"end":{"line":13,"column":40}},"type":"default-arg","locations":[{"start":{"line":13,"column":14},"end":{"line":13,"column":40}}]},"1":{"loc":{"start":{"line":14,"column":4},"end":{"line":14,"column":23}},"type":"default-arg","locations":[{"start":{"line":14,"column":15},"end":{"line":14,"column":23}}]},"2":{"loc":{"start":{"line":15,"column":4},"end":{"line":15,"column":13}},"type":"default-arg","locations":[{"start":{"line":15,"column":11},"end":{"line":15,"column":13}}]},"3":{"loc":{"start":{"line":16,"column":4},"end":{"line":16,"column":19}},"type":"default-arg","locations":[{"start":{"line":16,"column":17},"end":{"line":16,"column":19}}]}},"s":{"0":1,"1":1,"2":6,"3":1,"4":1,"5":6,"6":12,"7":1},"f":{"0":6,"1":0,"2":1,"3":12},"b":{"0":[0],"1":[0],"2":[0],"3":[0]}}
,"/Users/swizaesarrezaryann/project/fithub-revamp/dashboard-vite/src/Components/Loading/index.tsx": {"path":"/Users/swizaesarrezaryann/project/fithub-revamp/dashboard-vite/src/Components/Loading/index.tsx","statementMap":{"0":{"start":{"line":1,"column":0},"end":{"line":1,"column":28}},"1":{"start":{"line":3,"column":16},"end":{"line":11,"column":1}},"2":{"start":{"line":4,"column":4},"end":{"line":10,"column":6}},"3":{"start":{"line":13,"column":0},"end":{"line":13,"column":23}}},"fnMap":{"0":{"name":"(anonymous_0)","decl":{"start":{"line":3,"column":16},"end":{"line":3,"column":19}},"loc":{"start":{"line":3,"column":21},"end":{"line":11,"column":1}}}},"branchMap":{},"s":{"0":1,"1":1,"2":1,"3":1},"f":{"0":1},"b":{}}
,"/Users/swizaesarrezaryann/project/fithub-revamp/dashboard-vite/src/Components/Partnership/ModalDetail.tsx": {"path":"/Users/swizaesarrezaryann/project/fithub-revamp/dashboard-vite/src/Components/Partnership/ModalDetail.tsx","statementMap":{"0":{"start":{"line":1,"column":0},"end":{"line":1,"column":45}},"1":{"start":{"line":4,"column":31},"end":{"line":81,"column":1}},"2":{"start":{"line":5,"column":52},"end":{"line":5,"column":57}},"3":{"start":{"line":7,"column":4},"end":{"line":80,"column":6}},"4":{"start":{"line":83,"column":0},"end":{"line":83,"column":38}}},"fnMap":{"0":{"name":"(anonymous_0)","decl":{"start":{"line":4,"column":31},"end":{"line":4,"column":32}},"loc":{"start":{"line":4,"column":63},"end":{"line":81,"column":1}}}},"branchMap":{"0":{"loc":{"start":{"line":17,"column":21},"end":{"line":17,"column":58}},"type":"binary-expr","locations":[{"start":{"line":17,"column":21},"end":{"line":17,"column":50}},{"start":{"line":17,"column":54},"end":{"line":17,"column":58}}]},"1":{"loc":{"start":{"line":19,"column":17},"end":{"line":22,"column":null}},"type":"binary-expr","locations":[{"start":{"line":19,"column":17},"end":{"line":19,"column":73}},{"start":{"line":20,"column":20},"end":{"line":21,"column":null}}]},"2":{"loc":{"start":{"line":21,"column":25},"end":{"line":21,"column":58}},"type":"binary-expr","locations":[{"start":{"line":21,"column":25},"end":{"line":21,"column":50}},{"start":{"line":21,"column":54},"end":{"line":21,"column":58}}]},"3":{"loc":{"start":{"line":25,"column":21},"end":{"line":25,"column":53}},"type":"binary-expr","locations":[{"start":{"line":25,"column":21},"end":{"line":25,"column":45}},{"start":{"line":25,"column":49},"end":{"line":25,"column":53}}]},"4":{"loc":{"start":{"line":28,"column":21},"end":{"line":31,"column":30}},"type":"cond-expr","locations":[{"start":{"line":29,"column":26},"end":{"line":30,"column":66}},{"start":{"line":31,"column":26},"end":{"line":31,"column":30}}]},"5":{"loc":{"start":{"line":34,"column":21},"end":{"line":34,"column":48}},"type":"binary-expr","locations":[{"start":{"line":34,"column":21},"end":{"line":34,"column":40}},{"start":{"line":34,"column":44},"end":{"line":34,"column":48}}]},"6":{"loc":{"start":{"line":37,"column":21},"end":{"line":41,"column":38}},"type":"cond-expr","locations":[{"start":{"line":40,"column":26},"end":{"line":40,"column":51}},{"start":{"line":41,"column":26},"end":{"line":41,"column":38}}]},"7":{"loc":{"start":{"line":37,"column":21},"end":{"line":39,"column":52}},"type":"binary-expr","locations":[{"start":{"line":37,"column":21},"end":{"line":37,"column":55}},{"start":{"line":38,"column":20},"end":{"line":38,"column":63}},{"start":{"line":39,"column":20},"end":{"line":39,"column":52}}]},"8":{"loc":{"start":{"line":43,"column":17},"end":{"line":50,"column":null}},"type":"binary-expr","locations":[{"start":{"line":43,"column":17},"end":{"line":43,"column":73}},{"start":{"line":44,"column":20},"end":{"line":49,"column":null}}]},"9":{"loc":{"start":{"line":45,"column":25},"end":{"line":49,"column":42}},"type":"cond-expr","locations":[{"start":{"line":48,"column":30},"end":{"line":48,"column":58}},{"start":{"line":49,"column":30},"end":{"line":49,"column":42}}]},"10":{"loc":{"start":{"line":45,"column":25},"end":{"line":47,"column":59}},"type":"binary-expr","locations":[{"start":{"line":45,"column":25},"end":{"line":45,"column":62}},{"start":{"line":46,"column":24},"end":{"line":46,"column":74}},{"start":{"line":47,"column":24},"end":{"line":47,"column":59}}]},"11":{"loc":{"start":{"line":52,"column":17},"end":{"line":76,"column":null}},"type":"binary-expr","locations":[{"start":{"line":52,"column":17},"end":{"line":52,"column":73}},{"start":{"line":53,"column":20},"end":{"line":75,"column":null}}]},"12":{"loc":{"start":{"line":55,"column":29},"end":{"line":59,"column":46}},"type":"cond-expr","locations":[{"start":{"line":58,"column":34},"end":{"line":58,"column":62}},{"start":{"line":59,"column":34},"end":{"line":59,"column":46}}]},"13":{"loc":{"start":{"line":55,"column":29},"end":{"line":57,"column":63}},"type":"binary-expr","locations":[{"start":{"line":55,"column":29},"end":{"line":55,"column":66}},{"start":{"line":56,"column":28},"end":{"line":56,"column":76}},{"start":{"line":57,"column":28},"end":{"line":57,"column":63}}]},"14":{"loc":{"start":{"line":62,"column":29},"end":{"line":73,"column":null}},"type":"cond-expr","locations":[{"start":{"line":63,"column":32},"end":{"line":70,"column":null}},{"start":{"line":73,"column":32},"end":{"line":73,"column":44}}]},"15":{"loc":{"start":{"line":65,"column":40},"end":{"line":68,"column":68}},"type":"cond-expr","locations":[{"start":{"line":67,"column":46},"end":{"line":67,"column":79}},{"start":{"line":68,"column":46},"end":{"line":68,"column":68}}]}},"s":{"0":1,"1":1,"2":6,"3":6,"4":1},"f":{"0":6},"b":{"0":[6,6],"1":[6,0],"2":[0,0],"3":[6,6],"4":[0,6],"5":[6,6],"6":[6,0],"7":[6,6,6],"8":[6,0],"9":[0,0],"10":[0,0,0],"11":[6,6],"12":[6,0],"13":[6,6,6],"14":[6,0],"15":[0,6]}}
,"/Users/swizaesarrezaryann/project/fithub-revamp/dashboard-vite/src/Components/Partnership/Table.tsx": {"path":"/Users/swizaesarrezaryann/project/fithub-revamp/dashboard-vite/src/Components/Partnership/Table.tsx","statementMap":{"0":{"start":{"line":1,"column":0},"end":{"line":1,"column":37}},"1":{"start":{"line":9,"column":25},"end":{"line":54,"column":1}},"2":{"start":{"line":13,"column":70},"end":{"line":46,"column":6}},"3":{"start":{"line":19,"column":16},"end":{"line":26,"column":null}},"4":{"start":{"line":23,"column":24},"end":{"line":23,"column":42}},"5":{"start":{"line":24,"column":24},"end":{"line":24,"column":41}},"6":{"start":{"line":34,"column":30},"end":{"line":34,"column":80}},"7":{"start":{"line":47,"column":4},"end":{"line":53,"column":6}},"8":{"start":{"line":56,"column":0},"end":{"line":56,"column":32}}},"fnMap":{"0":{"name":"(anonymous_0)","decl":{"start":{"line":9,"column":25},"end":{"line":9,"column":26}},"loc":{"start":{"line":12,"column":32},"end":{"line":54,"column":1}}},"1":{"name":"(anonymous_1)","decl":{"start":{"line":18,"column":20},"end":{"line":18,"column":21}},"loc":{"start":{"line":19,"column":16},"end":{"line":26,"column":null}}},"2":{"name":"(anonymous_2)","decl":{"start":{"line":22,"column":29},"end":{"line":22,"column":32}},"loc":{"start":{"line":22,"column":34},"end":{"line":25,"column":21}}},"3":{"name":"(anonymous_3)","decl":{"start":{"line":34,"column":20},"end":{"line":34,"column":21}},"loc":{"start":{"line":34,"column":30},"end":{"line":34,"column":80}}}},"branchMap":{},"s":{"0":1,"1":1,"2":6,"3":2,"4":0,"5":0,"6":2,"7":6,"8":1},"f":{"0":6,"1":2,"2":0,"3":2},"b":{}}
,"/Users/swizaesarrezaryann/project/fithub-revamp/dashboard-vite/src/Mock/MockHandler.tsx": {"path":"/Users/swizaesarrezaryann/project/fithub-revamp/dashboard-vite/src/Mock/MockHandler.tsx","statementMap":{"0":{"start":{"line":1,"column":0},"end":{"line":1,"column":27}},"1":{"start":{"line":3,"column":13},"end":{"line":53,"column":2}},"2":{"start":{"line":7,"column":21},"end":{"line":7,"column":53}},"3":{"start":{"line":8,"column":8},"end":{"line":29,"column":null}},"4":{"start":{"line":9,"column":12},"end":{"line":28,"column":14}},"5":{"start":{"line":30,"column":8},"end":{"line":51,"column":null}},"6":{"start":{"line":31,"column":12},"end":{"line":50,"column":14}},"7":{"start":{"line":55,"column":13},"end":{"line":55,"column":61}}},"fnMap":{"0":{"name":"(anonymous_0)","decl":{"start":{"line":6,"column":4},"end":{"line":6,"column":9}},"loc":{"start":{"line":6,"column":28},"end":{"line":52,"column":5}}}},"branchMap":{"0":{"loc":{"start":{"line":8,"column":8},"end":{"line":29,"column":null}},"type":"if","locations":[{"start":{"line":8,"column":8},"end":{"line":29,"column":null}}]},"1":{"loc":{"start":{"line":30,"column":8},"end":{"line":51,"column":null}},"type":"if","locations":[{"start":{"line":30,"column":8},"end":{"line":51,"column":null}}]}},"s":{"0":1,"1":1,"2":4,"3":4,"4":2,"5":2,"6":0,"7":1},"f":{"0":4},"b":{"0":[2],"1":[0]}}
,"/Users/swizaesarrezaryann/project/fithub-revamp/dashboard-vite/src/Mock/MockHttpServer.ts": {"path":"/Users/swizaesarrezaryann/project/fithub-revamp/dashboard-vite/src/Mock/MockHttpServer.ts","statementMap":{"0":{"start":{"line":1,"column":0},"end":{"line":1,"column":38}},"1":{"start":{"line":2,"column":0},"end":{"line":2,"column":40}},"2":{"start":{"line":4,"column":13},"end":{"line":4,"column":null}}},"fnMap":{},"branchMap":{},"s":{"0":1,"1":1,"2":1},"f":{},"b":{}}
,"/Users/swizaesarrezaryann/project/fithub-revamp/dashboard-vite/src/Pages/Auth/Master/Partnership/Partnerships.styles.ts": {"path":"/Users/swizaesarrezaryann/project/fithub-revamp/dashboard-vite/src/Pages/Auth/Master/Partnership/Partnerships.styles.ts","statementMap":{"0":{"start":{"line":1,"column":0},"end":{"line":1,"column":39}},"1":{"start":{"line":3,"column":25},"end":{"line":14,"column":2}},"2":{"start":{"line":15,"column":0},"end":{"line":15,"column":32}}},"fnMap":{},"branchMap":{},"s":{"0":1,"1":1,"2":1},"f":{},"b":{}}
,"/Users/swizaesarrezaryann/project/fithub-revamp/dashboard-vite/src/Pages/Auth/Master/Partnership/handler.ts": {"path":"/Users/swizaesarrezaryann/project/fithub-revamp/dashboard-vite/src/Pages/Auth/Master/Partnership/handler.ts","statementMap":{"0":{"start":{"line":1,"column":0},"end":{"line":1,"column":33}},"1":{"start":{"line":2,"column":0},"end":{"line":2,"column":79}},"2":{"start":{"line":5,"column":30},"end":{"line":40,"column":1}},"3":{"start":{"line":6,"column":40},"end":{"line":6,"column":52}},"4":{"start":{"line":7,"column":38},"end":{"line":7,"column":53}},"5":{"start":{"line":8,"column":38},"end":{"line":8,"column":52}},"6":{"start":{"line":9,"column":38},"end":{"line":9,"column":73}},"7":{"start":{"line":10,"column":38},"end":{"line":10,"column":53}},"8":{"start":{"line":11,"column":44},"end":{"line":11,"column":86}},"9":{"start":{"line":12,"column":20},"end":{"line":12,"column":43}},"10":{"start":{"line":14,"column":25},"end":{"line":27,"column":5}},"11":{"start":{"line":15,"column":8},"end":{"line":15,"column":27}},"12":{"start":{"line":16,"column":8},"end":{"line":16,"column":29}},"13":{"start":{"line":17,"column":23},"end":{"line":19,"column":10}},"14":{"start":{"line":20,"column":8},"end":{"line":25,"column":null}},"15":{"start":{"line":22,"column":12},"end":{"line":22,"column":60}},"16":{"start":{"line":24,"column":12},"end":{"line":24,"column":32}},"17":{"start":{"line":26,"column":8},"end":{"line":26,"column":28}},"18":{"start":{"line":29,"column":23},"end":{"line":32,"column":5}},"19":{"start":{"line":30,"column":8},"end":{"line":30,"column":27}},"20":{"start":{"line":31,"column":8},"end":{"line":31,"column":38}},"21":{"start":{"line":34,"column":24},"end":{"line":37,"column":5}},"22":{"start":{"line":35,"column":8},"end":{"line":35,"column":28}},"23":{"start":{"line":36,"column":8},"end":{"line":36,"column":30}},"24":{"start":{"line":39,"column":4},"end":{"line":39,"column":123}},"25":{"start":{"line":42,"column":0},"end":{"line":42,"column":37}}},"fnMap":{"0":{"name":"(anonymous_0)","decl":{"start":{"line":5,"column":30},"end":{"line":5,"column":33}},"loc":{"start":{"line":5,"column":35},"end":{"line":40,"column":1}}},"1":{"name":"(anonymous_1)","decl":{"start":{"line":14,"column":25},"end":{"line":14,"column":30}},"loc":{"start":{"line":14,"column":49},"end":{"line":27,"column":5}}},"2":{"name":"(anonymous_2)","decl":{"start":{"line":29,"column":23},"end":{"line":29,"column":24}},"loc":{"start":{"line":29,"column":61},"end":{"line":32,"column":5}}},"3":{"name":"(anonymous_3)","decl":{"start":{"line":34,"column":24},"end":{"line":34,"column":27}},"loc":{"start":{"line":34,"column":29},"end":{"line":37,"column":5}}}},"branchMap":{"0":{"loc":{"start":{"line":20,"column":8},"end":{"line":25,"column":null}},"type":"if","locations":[{"start":{"line":20,"column":8},"end":{"line":25,"column":null}},{"start":{"line":23,"column":13},"end":{"line":25,"column":null}}]}},"s":{"0":1,"1":1,"2":1,"3":10,"4":10,"5":10,"6":10,"7":10,"8":10,"9":10,"10":10,"11":3,"12":3,"13":3,"14":3,"15":2,"16":1,"17":3,"18":10,"19":0,"20":0,"21":10,"22":0,"23":0,"24":10,"25":1},"f":{"0":10,"1":3,"2":0,"3":0},"b":{"0":[2,1]}}
,"/Users/swizaesarrezaryann/project/fithub-revamp/dashboard-vite/src/Pages/Auth/Master/Partnership/index.tsx": {"path":"/Users/swizaesarrezaryann/project/fithub-revamp/dashboard-vite/src/Pages/Auth/Master/Partnership/index.tsx","statementMap":{"0":{"start":{"line":1,"column":0},"end":{"line":1,"column":null}},"1":{"start":{"line":7,"column":0},"end":{"line":7,"column":46}},"2":{"start":{"line":8,"column":0},"end":{"line":8,"column":57}},"3":{"start":{"line":9,"column":0},"end":{"line":9,"column":34}},"4":{"start":{"line":10,"column":0},"end":{"line":10,"column":84}},"5":{"start":{"line":11,"column":0},"end":{"line":11,"column":72}},"6":{"start":{"line":12,"column":0},"end":{"line":12,"column":53}},"7":{"start":{"line":13,"column":0},"end":{"line":13,"column":63}},"8":{"start":{"line":15,"column":34},"end":{"line":73,"column":1}},"9":{"start":{"line":26,"column":8},"end":{"line":26,"column":31}},"10":{"start":{"line":28,"column":4},"end":{"line":32,"column":20}},"11":{"start":{"line":29,"column":8},"end":{"line":31,"column":null}},"12":{"start":{"line":30,"column":12},"end":{"line":30,"column":53}},"13":{"start":{"line":34,"column":4},"end":{"line":72,"column":6}},"14":{"start":{"line":74,"column":0},"end":{"line":74,"column":31}}},"fnMap":{"0":{"name":"(anonymous_1)","decl":{"start":{"line":15,"column":34},"end":{"line":15,"column":37}},"loc":{"start":{"line":15,"column":39},"end":{"line":73,"column":1}}},"1":{"name":"(anonymous_2)","decl":{"start":{"line":28,"column":14},"end":{"line":28,"column":17}},"loc":{"start":{"line":28,"column":19},"end":{"line":32,"column":5}}}},"branchMap":{"0":{"loc":{"start":{"line":29,"column":8},"end":{"line":31,"column":null}},"type":"if","locations":[{"start":{"line":29,"column":8},"end":{"line":31,"column":null}}]},"1":{"loc":{"start":{"line":56,"column":13},"end":{"line":64,"column":null}},"type":"cond-expr","locations":[{"start":{"line":57,"column":16},"end":{"line":57,"column":27}},{"start":{"line":59,"column":16},"end":{"line":63,"column":null}}]}},"s":{"0":1,"1":1,"2":1,"3":1,"4":1,"5":1,"6":1,"7":1,"8":1,"9":6,"10":6,"11":4,"12":0,"13":6,"14":1},"f":{"0":6,"1":4},"b":{"0":[0],"1":[1,5]}}
,"/Users/swizaesarrezaryann/project/fithub-revamp/dashboard-vite/src/Service/AxiosFetch.ts": {"path":"/Users/swizaesarrezaryann/project/fithub-revamp/dashboard-vite/src/Service/AxiosFetch.ts","statementMap":{"0":{"start":{"line":1,"column":0},"end":{"line":1,"column":80}},"1":{"start":{"line":7,"column":26},"end":{"line":30,"column":1}},"2":{"start":{"line":9,"column":39},"end":{"line":16,"column":6}},"3":{"start":{"line":17,"column":4},"end":{"line":23,"column":null}},"4":{"start":{"line":18,"column":8},"end":{"line":18,"column":null}},"5":{"start":{"line":19,"column":8},"end":{"line":22,"column":10}},"6":{"start":{"line":24,"column":4},"end":{"line":24,"column":null}},"7":{"start":{"line":25,"column":36},"end":{"line":25,"column":56}},"8":{"start":{"line":26,"column":36},"end":{"line":26,"column":59}},"9":{"start":{"line":27,"column":4},"end":{"line":27,"column":null}},"10":{"start":{"line":29,"column":4},"end":{"line":29,"column":20}},"11":{"start":{"line":7,"column":13},"end":{"line":7,"column":26}}},"fnMap":{"0":{"name":"(anonymous_1)","decl":{"start":{"line":7,"column":26},"end":{"line":7,"column":31}},"loc":{"start":{"line":8,"column":3},"end":{"line":30,"column":1}}}},"branchMap":{"0":{"loc":{"start":{"line":17,"column":4},"end":{"line":23,"column":null}},"type":"if","locations":[{"start":{"line":17,"column":4},"end":{"line":23,"column":null}}]}},"s":{"0":1,"1":1,"2":3,"3":3,"4":3,"5":3,"6":3,"7":3,"8":3,"9":2,"10":2,"11":1},"f":{"0":3},"b":{"0":[3]}}
,"/Users/swizaesarrezaryann/project/fithub-revamp/dashboard-vite/src/Service/Master/Partnership.ts": {"path":"/Users/swizaesarrezaryann/project/fithub-revamp/dashboard-vite/src/Service/Master/Partnership.ts","statementMap":{"0":{"start":{"line":2,"column":0},"end":{"line":2,"column":43}},"1":{"start":{"line":4,"column":30},"end":{"line":37,"column":1}},"2":{"start":{"line":5,"column":4},"end":{"line":36,"column":null}},"3":{"start":{"line":6,"column":21},"end":{"line":13,"column":10}},"4":{"start":{"line":14,"column":49},"end":{"line":29,"column":10}},"5":{"start":{"line":15,"column":12},"end":{"line":28,"column":36}},"6":{"start":{"line":30,"column":8},"end":{"line":30,"column":24}},"7":{"start":{"line":32,"column":8},"end":{"line":32,"column":null}},"8":{"start":{"line":33,"column":8},"end":{"line":35,"column":37}},"9":{"start":{"line":4,"column":13},"end":{"line":4,"column":30}},"10":{"start":{"line":40,"column":4},"end":{"line":42,"column":null}},"11":{"start":{"line":39,"column":0},"end":{"line":39,"column":16}}},"fnMap":{"0":{"name":"(anonymous_0)","decl":{"start":{"line":4,"column":30},"end":{"line":4,"column":35}},"loc":{"start":{"line":4,"column":84},"end":{"line":37,"column":1}}},"1":{"name":"(anonymous_1)","decl":{"start":{"line":14,"column":69},"end":{"line":14,"column":70}},"loc":{"start":{"line":14,"column":101},"end":{"line":29,"column":9}}},"2":{"name":"usePartnershipService","decl":{"start":{"line":39,"column":16},"end":{"line":39,"column":37}},"loc":{"start":{"line":39,"column":37},"end":{"line":43,"column":1}}}},"branchMap":{},"s":{"0":1,"1":1,"2":3,"3":3,"4":2,"5":2,"6":2,"7":1,"8":1,"9":1,"10":10,"11":1},"f":{"0":3,"1":2,"2":10},"b":{}}
}
