{"/Users/swizaesarrezaryann/project/fithub-revamp/dashboard-vite/src/Components/Loading/index.tsx": {"path":"/Users/swizaesarrezaryann/project/fithub-revamp/dashboard-vite/src/Components/Loading/index.tsx","statementMap":{"0":{"start":{"line":1,"column":0},"end":{"line":1,"column":28}},"1":{"start":{"line":3,"column":16},"end":{"line":9,"column":1}},"2":{"start":{"line":4,"column":4},"end":{"line":8,"column":6}},"3":{"start":{"line":11,"column":0},"end":{"line":11,"column":23}}},"fnMap":{"0":{"name":"(anonymous_0)","decl":{"start":{"line":3,"column":16},"end":{"line":3,"column":19}},"loc":{"start":{"line":3,"column":21},"end":{"line":9,"column":1}}}},"branchMap":{},"s":{"0":1,"1":1,"2":0,"3":1},"f":{"0":0},"b":{}}
,"/Users/swizaesarrezaryann/project/fithub-revamp/dashboard-vite/src/Components/Partnership/ModalDetail.tsx": {"path":"/Users/swizaesarrezaryann/project/fithub-revamp/dashboard-vite/src/Components/Partnership/ModalDetail.tsx","statementMap":{"0":{"start":{"line":1,"column":0},"end":{"line":1,"column":45}},"1":{"start":{"line":4,"column":31},"end":{"line":81,"column":1}},"2":{"start":{"line":5,"column":52},"end":{"line":5,"column":57}},"3":{"start":{"line":7,"column":4},"end":{"line":80,"column":6}},"4":{"start":{"line":83,"column":0},"end":{"line":83,"column":38}}},"fnMap":{"0":{"name":"(anonymous_0)","decl":{"start":{"line":4,"column":31},"end":{"line":4,"column":32}},"loc":{"start":{"line":4,"column":63},"end":{"line":81,"column":1}}}},"branchMap":{"0":{"loc":{"start":{"line":17,"column":21},"end":{"line":17,"column":58}},"type":"binary-expr","locations":[{"start":{"line":17,"column":21},"end":{"line":17,"column":50}},{"start":{"line":17,"column":54},"end":{"line":17,"column":58}}]},"1":{"loc":{"start":{"line":19,"column":17},"end":{"line":22,"column":null}},"type":"binary-expr","locations":[{"start":{"line":19,"column":17},"end":{"line":19,"column":73}},{"start":{"line":20,"column":20},"end":{"line":21,"column":null}}]},"2":{"loc":{"start":{"line":21,"column":25},"end":{"line":21,"column":58}},"type":"binary-expr","locations":[{"start":{"line":21,"column":25},"end":{"line":21,"column":50}},{"start":{"line":21,"column":54},"end":{"line":21,"column":58}}]},"3":{"loc":{"start":{"line":25,"column":21},"end":{"line":25,"column":53}},"type":"binary-expr","locations":[{"start":{"line":25,"column":21},"end":{"line":25,"column":45}},{"start":{"line":25,"column":49},"end":{"line":25,"column":53}}]},"4":{"loc":{"start":{"line":28,"column":21},"end":{"line":31,"column":30}},"type":"cond-expr","locations":[{"start":{"line":29,"column":26},"end":{"line":30,"column":66}},{"start":{"line":31,"column":26},"end":{"line":31,"column":30}}]},"5":{"loc":{"start":{"line":34,"column":21},"end":{"line":34,"column":48}},"type":"binary-expr","locations":[{"start":{"line":34,"column":21},"end":{"line":34,"column":40}},{"start":{"line":34,"column":44},"end":{"line":34,"column":48}}]},"6":{"loc":{"start":{"line":37,"column":21},"end":{"line":41,"column":38}},"type":"cond-expr","locations":[{"start":{"line":40,"column":26},"end":{"line":40,"column":51}},{"start":{"line":41,"column":26},"end":{"line":41,"column":38}}]},"7":{"loc":{"start":{"line":37,"column":21},"end":{"line":39,"column":52}},"type":"binary-expr","locations":[{"start":{"line":37,"column":21},"end":{"line":37,"column":55}},{"start":{"line":38,"column":20},"end":{"line":38,"column":63}},{"start":{"line":39,"column":20},"end":{"line":39,"column":52}}]},"8":{"loc":{"start":{"line":43,"column":17},"end":{"line":50,"column":null}},"type":"binary-expr","locations":[{"start":{"line":43,"column":17},"end":{"line":43,"column":73}},{"start":{"line":44,"column":20},"end":{"line":49,"column":null}}]},"9":{"loc":{"start":{"line":45,"column":25},"end":{"line":49,"column":42}},"type":"cond-expr","locations":[{"start":{"line":48,"column":30},"end":{"line":48,"column":58}},{"start":{"line":49,"column":30},"end":{"line":49,"column":42}}]},"10":{"loc":{"start":{"line":45,"column":25},"end":{"line":47,"column":59}},"type":"binary-expr","locations":[{"start":{"line":45,"column":25},"end":{"line":45,"column":62}},{"start":{"line":46,"column":24},"end":{"line":46,"column":74}},{"start":{"line":47,"column":24},"end":{"line":47,"column":59}}]},"11":{"loc":{"start":{"line":52,"column":17},"end":{"line":76,"column":null}},"type":"binary-expr","locations":[{"start":{"line":52,"column":17},"end":{"line":52,"column":73}},{"start":{"line":53,"column":20},"end":{"line":75,"column":null}}]},"12":{"loc":{"start":{"line":55,"column":29},"end":{"line":59,"column":46}},"type":"cond-expr","locations":[{"start":{"line":58,"column":34},"end":{"line":58,"column":62}},{"start":{"line":59,"column":34},"end":{"line":59,"column":46}}]},"13":{"loc":{"start":{"line":55,"column":29},"end":{"line":57,"column":63}},"type":"binary-expr","locations":[{"start":{"line":55,"column":29},"end":{"line":55,"column":66}},{"start":{"line":56,"column":28},"end":{"line":56,"column":76}},{"start":{"line":57,"column":28},"end":{"line":57,"column":63}}]},"14":{"loc":{"start":{"line":62,"column":29},"end":{"line":73,"column":null}},"type":"cond-expr","locations":[{"start":{"line":63,"column":32},"end":{"line":70,"column":null}},{"start":{"line":73,"column":32},"end":{"line":73,"column":44}}]},"15":{"loc":{"start":{"line":65,"column":40},"end":{"line":68,"column":68}},"type":"cond-expr","locations":[{"start":{"line":67,"column":46},"end":{"line":67,"column":79}},{"start":{"line":68,"column":46},"end":{"line":68,"column":68}}]}},"s":{"0":1,"1":1,"2":2,"3":2,"4":1},"f":{"0":2},"b":{"0":[2,2],"1":[2,0],"2":[0,0],"3":[2,2],"4":[0,2],"5":[2,2],"6":[2,0],"7":[2,2,2],"8":[2,0],"9":[0,0],"10":[0,0,0],"11":[2,2],"12":[2,0],"13":[2,2,2],"14":[2,0],"15":[0,2]}}
,"/Users/swizaesarrezaryann/project/fithub-revamp/dashboard-vite/src/Components/Partnership/Table.tsx": {"path":"/Users/swizaesarrezaryann/project/fithub-revamp/dashboard-vite/src/Components/Partnership/Table.tsx","statementMap":{"0":{"start":{"line":1,"column":0},"end":{"line":1,"column":37}},"1":{"start":{"line":9,"column":25},"end":{"line":47,"column":1}},"2":{"start":{"line":13,"column":70},"end":{"line":45,"column":6}},"3":{"start":{"line":19,"column":16},"end":{"line":26,"column":null}},"4":{"start":{"line":23,"column":24},"end":{"line":23,"column":42}},"5":{"start":{"line":24,"column":24},"end":{"line":24,"column":41}},"6":{"start":{"line":46,"column":4},"end":{"line":46,"column":78}},"7":{"start":{"line":49,"column":0},"end":{"line":49,"column":32}}},"fnMap":{"0":{"name":"(anonymous_0)","decl":{"start":{"line":9,"column":25},"end":{"line":9,"column":26}},"loc":{"start":{"line":12,"column":32},"end":{"line":47,"column":1}}},"1":{"name":"(anonymous_1)","decl":{"start":{"line":18,"column":20},"end":{"line":18,"column":21}},"loc":{"start":{"line":19,"column":16},"end":{"line":26,"column":null}}},"2":{"name":"(anonymous_2)","decl":{"start":{"line":22,"column":29},"end":{"line":22,"column":32}},"loc":{"start":{"line":22,"column":34},"end":{"line":25,"column":21}}}},"branchMap":{},"s":{"0":1,"1":1,"2":2,"3":0,"4":0,"5":0,"6":2,"7":1},"f":{"0":2,"1":0,"2":0},"b":{}}
,"/Users/swizaesarrezaryann/project/fithub-revamp/dashboard-vite/src/Pages/Auth/Master/Partnership/handler.ts": {"path":"/Users/swizaesarrezaryann/project/fithub-revamp/dashboard-vite/src/Pages/Auth/Master/Partnership/handler.ts","statementMap":{"0":{"start":{"line":1,"column":0},"end":{"line":1,"column":33}},"1":{"start":{"line":2,"column":0},"end":{"line":2,"column":79}},"2":{"start":{"line":5,"column":30},"end":{"line":41,"column":1}},"3":{"start":{"line":6,"column":40},"end":{"line":6,"column":52}},"4":{"start":{"line":7,"column":38},"end":{"line":7,"column":53}},"5":{"start":{"line":8,"column":38},"end":{"line":8,"column":52}},"6":{"start":{"line":9,"column":38},"end":{"line":9,"column":73}},"7":{"start":{"line":10,"column":38},"end":{"line":10,"column":53}},"8":{"start":{"line":11,"column":44},"end":{"line":11,"column":86}},"9":{"start":{"line":12,"column":20},"end":{"line":12,"column":43}},"10":{"start":{"line":14,"column":25},"end":{"line":28,"column":5}},"11":{"start":{"line":15,"column":8},"end":{"line":15,"column":27}},"12":{"start":{"line":16,"column":8},"end":{"line":16,"column":29}},"13":{"start":{"line":17,"column":23},"end":{"line":19,"column":10}},"14":{"start":{"line":20,"column":8},"end":{"line":20,"column":null}},"15":{"start":{"line":21,"column":8},"end":{"line":26,"column":null}},"16":{"start":{"line":22,"column":12},"end":{"line":22,"column":60}},"17":{"start":{"line":24,"column":12},"end":{"line":24,"column":null}},"18":{"start":{"line":25,"column":12},"end":{"line":25,"column":32}},"19":{"start":{"line":27,"column":8},"end":{"line":27,"column":28}},"20":{"start":{"line":30,"column":23},"end":{"line":33,"column":5}},"21":{"start":{"line":31,"column":8},"end":{"line":31,"column":27}},"22":{"start":{"line":32,"column":8},"end":{"line":32,"column":38}},"23":{"start":{"line":35,"column":24},"end":{"line":38,"column":5}},"24":{"start":{"line":36,"column":8},"end":{"line":36,"column":28}},"25":{"start":{"line":37,"column":8},"end":{"line":37,"column":30}},"26":{"start":{"line":40,"column":4},"end":{"line":40,"column":123}},"27":{"start":{"line":43,"column":0},"end":{"line":43,"column":37}}},"fnMap":{"0":{"name":"(anonymous_0)","decl":{"start":{"line":5,"column":30},"end":{"line":5,"column":33}},"loc":{"start":{"line":5,"column":35},"end":{"line":41,"column":1}}},"1":{"name":"(anonymous_1)","decl":{"start":{"line":14,"column":25},"end":{"line":14,"column":30}},"loc":{"start":{"line":14,"column":49},"end":{"line":28,"column":5}}},"2":{"name":"(anonymous_2)","decl":{"start":{"line":30,"column":23},"end":{"line":30,"column":24}},"loc":{"start":{"line":30,"column":61},"end":{"line":33,"column":5}}},"3":{"name":"(anonymous_3)","decl":{"start":{"line":35,"column":24},"end":{"line":35,"column":27}},"loc":{"start":{"line":35,"column":29},"end":{"line":38,"column":5}}}},"branchMap":{"0":{"loc":{"start":{"line":21,"column":8},"end":{"line":26,"column":null}},"type":"if","locations":[{"start":{"line":21,"column":8},"end":{"line":26,"column":null}},{"start":{"line":23,"column":13},"end":{"line":26,"column":null}}]}},"s":{"0":1,"1":1,"2":1,"3":2,"4":2,"5":2,"6":2,"7":2,"8":2,"9":2,"10":2,"11":0,"12":0,"13":0,"14":0,"15":0,"16":0,"17":0,"18":0,"19":0,"20":2,"21":0,"22":0,"23":2,"24":0,"25":0,"26":2,"27":1},"f":{"0":2,"1":0,"2":0,"3":0},"b":{"0":[0,0]}}
,"/Users/swizaesarrezaryann/project/fithub-revamp/dashboard-vite/src/Pages/Auth/Master/Partnership/index.tsx": {"path":"/Users/swizaesarrezaryann/project/fithub-revamp/dashboard-vite/src/Pages/Auth/Master/Partnership/index.tsx","statementMap":{"0":{"start":{"line":1,"column":0},"end":{"line":1,"column":55}},"1":{"start":{"line":2,"column":0},"end":{"line":2,"column":46}},"2":{"start":{"line":3,"column":0},"end":{"line":3,"column":44}},"3":{"start":{"line":4,"column":0},"end":{"line":4,"column":34}},"4":{"start":{"line":5,"column":0},"end":{"line":5,"column":84}},"5":{"start":{"line":6,"column":0},"end":{"line":6,"column":72}},"6":{"start":{"line":7,"column":0},"end":{"line":7,"column":53}},"7":{"start":{"line":9,"column":24},"end":{"line":69,"column":1}},"8":{"start":{"line":20,"column":8},"end":{"line":20,"column":31}},"9":{"start":{"line":22,"column":4},"end":{"line":26,"column":20}},"10":{"start":{"line":23,"column":8},"end":{"line":25,"column":null}},"11":{"start":{"line":24,"column":12},"end":{"line":24,"column":53}},"12":{"start":{"line":28,"column":4},"end":{"line":68,"column":6}},"13":{"start":{"line":70,"column":0},"end":{"line":70,"column":31}}},"fnMap":{"0":{"name":"(anonymous_1)","decl":{"start":{"line":9,"column":24},"end":{"line":9,"column":27}},"loc":{"start":{"line":9,"column":29},"end":{"line":69,"column":1}}},"1":{"name":"(anonymous_2)","decl":{"start":{"line":22,"column":14},"end":{"line":22,"column":17}},"loc":{"start":{"line":22,"column":19},"end":{"line":26,"column":5}}}},"branchMap":{"0":{"loc":{"start":{"line":23,"column":8},"end":{"line":25,"column":null}},"type":"if","locations":[{"start":{"line":23,"column":8},"end":{"line":25,"column":null}}]},"1":{"loc":{"start":{"line":34,"column":35},"end":{"line":34,"column":72}},"type":"cond-expr","locations":[{"start":{"line":34,"column":55},"end":{"line":34,"column":59}},{"start":{"line":34,"column":62},"end":{"line":34,"column":72}}]},"2":{"loc":{"start":{"line":54,"column":13},"end":{"line":60,"column":null}},"type":"cond-expr","locations":[{"start":{"line":55,"column":16},"end":{"line":55,"column":27}},{"start":{"line":57,"column":16},"end":{"line":59,"column":null}}]}},"s":{"0":1,"1":1,"2":1,"3":1,"4":1,"5":1,"6":1,"7":1,"8":2,"9":2,"10":2,"11":0,"12":2,"13":1},"f":{"0":2,"1":2},"b":{"0":[0],"1":[2,0],"2":[0,2]}}
,"/Users/swizaesarrezaryann/project/fithub-revamp/dashboard-vite/src/Pages/Auth/Master/Partnership/styles.ts": {"path":"/Users/swizaesarrezaryann/project/fithub-revamp/dashboard-vite/src/Pages/Auth/Master/Partnership/styles.ts","statementMap":{"0":{"start":{"line":1,"column":0},"end":{"line":1,"column":39}},"1":{"start":{"line":3,"column":25},"end":{"line":9,"column":2}},"2":{"start":{"line":10,"column":0},"end":{"line":10,"column":32}}},"fnMap":{},"branchMap":{},"s":{"0":1,"1":1,"2":1},"f":{},"b":{}}
,"/Users/swizaesarrezaryann/project/fithub-revamp/dashboard-vite/src/Service/AxiosFetch.ts": {"path":"/Users/swizaesarrezaryann/project/fithub-revamp/dashboard-vite/src/Service/AxiosFetch.ts","statementMap":{"0":{"start":{"line":1,"column":0},"end":{"line":1,"column":80}},"1":{"start":{"line":7,"column":26},"end":{"line":28,"column":1}},"2":{"start":{"line":9,"column":39},"end":{"line":15,"column":6}},"3":{"start":{"line":16,"column":4},"end":{"line":22,"column":null}},"4":{"start":{"line":17,"column":8},"end":{"line":17,"column":null}},"5":{"start":{"line":18,"column":8},"end":{"line":21,"column":10}},"6":{"start":{"line":23,"column":4},"end":{"line":23,"column":null}},"7":{"start":{"line":24,"column":36},"end":{"line":24,"column":56}},"8":{"start":{"line":25,"column":36},"end":{"line":25,"column":59}},"9":{"start":{"line":27,"column":4},"end":{"line":27,"column":20}},"10":{"start":{"line":7,"column":13},"end":{"line":7,"column":26}}},"fnMap":{"0":{"name":"(anonymous_1)","decl":{"start":{"line":7,"column":26},"end":{"line":7,"column":31}},"loc":{"start":{"line":8,"column":3},"end":{"line":28,"column":1}}}},"branchMap":{"0":{"loc":{"start":{"line":16,"column":4},"end":{"line":22,"column":null}},"type":"if","locations":[{"start":{"line":16,"column":4},"end":{"line":22,"column":null}}]}},"s":{"0":1,"1":1,"2":0,"3":0,"4":0,"5":0,"6":0,"7":0,"8":0,"9":0,"10":1},"f":{"0":0},"b":{"0":[0]}}
,"/Users/swizaesarrezaryann/project/fithub-revamp/dashboard-vite/src/Service/Master/Partnership.ts": {"path":"/Users/swizaesarrezaryann/project/fithub-revamp/dashboard-vite/src/Service/Master/Partnership.ts","statementMap":{"0":{"start":{"line":2,"column":0},"end":{"line":2,"column":43}},"1":{"start":{"line":4,"column":30},"end":{"line":37,"column":1}},"2":{"start":{"line":5,"column":4},"end":{"line":36,"column":null}},"3":{"start":{"line":6,"column":21},"end":{"line":13,"column":10}},"4":{"start":{"line":14,"column":49},"end":{"line":29,"column":10}},"5":{"start":{"line":15,"column":12},"end":{"line":28,"column":36}},"6":{"start":{"line":30,"column":8},"end":{"line":30,"column":24}},"7":{"start":{"line":32,"column":8},"end":{"line":32,"column":null}},"8":{"start":{"line":33,"column":8},"end":{"line":35,"column":37}},"9":{"start":{"line":4,"column":13},"end":{"line":4,"column":30}},"10":{"start":{"line":40,"column":4},"end":{"line":42,"column":null}},"11":{"start":{"line":39,"column":0},"end":{"line":39,"column":16}}},"fnMap":{"0":{"name":"(anonymous_0)","decl":{"start":{"line":4,"column":30},"end":{"line":4,"column":35}},"loc":{"start":{"line":4,"column":84},"end":{"line":37,"column":1}}},"1":{"name":"(anonymous_1)","decl":{"start":{"line":14,"column":69},"end":{"line":14,"column":70}},"loc":{"start":{"line":14,"column":101},"end":{"line":29,"column":9}}},"2":{"name":"usePartnershipService","decl":{"start":{"line":39,"column":16},"end":{"line":39,"column":37}},"loc":{"start":{"line":39,"column":37},"end":{"line":43,"column":1}}}},"branchMap":{},"s":{"0":1,"1":1,"2":0,"3":0,"4":0,"5":0,"6":0,"7":0,"8":0,"9":1,"10":2,"11":1},"f":{"0":0,"1":0,"2":2},"b":{}}
}
