TN:
SF:src/Pages/Auth/Master/Partnership/PartnershipHandler.ts
FN:4,(anonymous_1)
FN:8,(anonymous_2)
FN:20,(anonymous_3)
FN:22,(anonymous_4)
FNF:4
FNH:2
FNDA:2,(anonymous_1)
FNDA:0,(anonymous_2)
FNDA:2,(anonymous_3)
FNDA:0,(anonymous_4)
DA:1,1
DA:2,1
DA:4,1
DA:5,2
DA:6,2
DA:7,2
DA:8,2
DA:9,0
DA:17,0
DA:20,2
DA:21,2
DA:22,0
DA:23,0
DA:28,0
DA:31,2
DA:33,1
LF:16
LH:11
BRDA:21,0,0,0
BRF:1
BRH:0
end_of_record
TN:
SF:src/Pages/Auth/Master/Partnership/PartnershipPage.style.ts
FNF:0
FNH:0
DA:1,1
DA:3,1
DA:10,1
LF:3
LH:3
BRF:0
BRH:0
end_of_record
TN:
SF:src/Pages/Auth/Master/Partnership/PartnershipTable.tsx
FN:14,(anonymous_0)
FN:33,(anonymous_1)
FNF:2
FNH:1
FNDA:0,(anonymous_0)
FNDA:2,(anonymous_1)
DA:2,1
DA:9,1
DA:14,0
DA:33,1
DA:34,2
DA:35,2
DA:43,1
LF:7
LH:6
BRF:0
BRH:0
end_of_record
TN:
SF:src/Pages/Auth/Master/Partnership/index.tsx
FN:6,(anonymous_1)
FNF:1
FNH:1
FNDA:2,(anonymous_1)
DA:1,1
DA:3,1
DA:4,1
DA:5,1
DA:6,1
DA:7,2
DA:8,2
DA:36,1
LF:8
LH:8
BRF:0
BRH:0
end_of_record
TN:
SF:src/Service/FetchApi.tsx
FN:7,(anonymous_1)
FN:18,(anonymous_2)
FNF:2
FNH:1
FNDA:2,(anonymous_1)
FNDA:0,(anonymous_2)
DA:1,1
DA:2,1
DA:7,1
DA:11,2
DA:18,2
DA:21,0
DA:25,0
DA:32,0
DA:33,0
DA:38,0
DA:45,0
DA:46,0
DA:47,0
DA:48,0
DA:56,0
DA:65,2
DA:73,1
LF:17
LH:7
BRDA:32,0,0,0
BRF:1
BRH:0
end_of_record
