TN:
SF:src/test-utils.tsx
FN:6,(anonymous_5)
FN:7,(anonymous_6)
FN:8,(anonymous_7)
FN:10,(anonymous_8)
FN:12,(anonymous_9)
FN:19,(anonymous_10)
FNF:6
FNH:5
FNDA:1,(anonymous_5)
FNDA:3,(anonymous_6)
FNDA:1,(anonymous_7)
FNDA:2,(anonymous_8)
FNDA:2,(anonymous_9)
FNDA:0,(anonymous_10)
DA:1,1
DA:2,1
DA:3,1
DA:4,1
DA:6,1
DA:7,3
DA:8,1
DA:10,1
DA:11,2
DA:13,2
DA:18,1
DA:19,1
DA:20,1
LF:13
LH:13
BRDA:10,0,0,2
BRF:1
BRH:1
end_of_record
TN:
SF:src/Components/Form/Select/Select.style.ts
FNF:0
FNH:0
DA:1,1
DA:3,1
DA:10,1
LF:3
LH:3
BRF:0
BRH:0
end_of_record
TN:
SF:src/Components/Form/Select/index.tsx
FN:12,(anonymous_1)
FN:14,(anonymous_2)
FN:18,(anonymous_3)
FN:24,(anonymous_4)
FNF:4
FNH:3
FNDA:4,(anonymous_1)
FNDA:0,(anonymous_2)
FNDA:1,(anonymous_3)
FNDA:8,(anonymous_4)
DA:2,1
DA:12,1
DA:18,4
DA:19,1
DA:20,1
DA:22,4
DA:25,8
DA:34,1
LF:8
LH:8
BRDA:13,0,0,0
BRDA:14,1,0,0
BRDA:15,2,0,0
BRDA:16,3,0,0
BRF:4
BRH:0
end_of_record
TN:
SF:src/Components/Loading/index.tsx
FN:3,(anonymous_0)
FNF:1
FNH:1
FNDA:1,(anonymous_0)
DA:1,1
DA:3,1
DA:4,1
DA:13,1
LF:4
LH:4
BRF:0
BRH:0
end_of_record
TN:
SF:src/Components/Partnership/ModalDetail.tsx
FN:4,(anonymous_0)
FNF:1
FNH:1
FNDA:4,(anonymous_0)
DA:1,1
DA:4,1
DA:5,4
DA:7,4
DA:83,1
LF:5
LH:5
BRDA:17,0,0,4
BRDA:17,0,1,4
BRDA:19,1,0,4
BRDA:19,1,1,0
BRDA:21,2,0,0
BRDA:21,2,1,0
BRDA:25,3,0,4
BRDA:25,3,1,4
BRDA:28,4,0,0
BRDA:28,4,1,4
BRDA:34,5,0,4
BRDA:34,5,1,4
BRDA:37,6,0,4
BRDA:37,6,1,0
BRDA:37,7,0,4
BRDA:37,7,1,4
BRDA:37,7,2,4
BRDA:43,8,0,4
BRDA:43,8,1,0
BRDA:45,9,0,0
BRDA:45,9,1,0
BRDA:45,10,0,0
BRDA:45,10,1,0
BRDA:45,10,2,0
BRDA:52,11,0,4
BRDA:52,11,1,4
BRDA:55,12,0,4
BRDA:55,12,1,0
BRDA:55,13,0,4
BRDA:55,13,1,4
BRDA:55,13,2,4
BRDA:62,14,0,4
BRDA:62,14,1,0
BRDA:65,15,0,0
BRDA:65,15,1,4
BRF:35
BRH:21
end_of_record
TN:
SF:src/Components/Partnership/Table.tsx
FN:9,(anonymous_0)
FN:18,(anonymous_1)
FN:22,(anonymous_2)
FNF:3
FNH:2
FNDA:3,(anonymous_0)
FNDA:1,(anonymous_1)
FNDA:0,(anonymous_2)
DA:1,1
DA:9,1
DA:13,3
DA:19,1
DA:23,0
DA:24,0
DA:46,3
DA:55,1
LF:8
LH:6
BRF:0
BRH:0
end_of_record
TN:
SF:src/Mock/MockHandler.tsx
FN:6,(anonymous_0)
FNF:1
FNH:1
FNDA:2,(anonymous_0)
DA:1,1
DA:3,1
DA:7,2
DA:8,2
DA:9,2
DA:30,0
DA:31,0
DA:55,1
LF:8
LH:6
BRDA:8,0,0,2
BRDA:30,1,0,0
BRF:2
BRH:1
end_of_record
TN:
SF:src/Mock/MockHttpServer.ts
FNF:0
FNH:0
DA:1,1
DA:2,1
DA:4,1
LF:3
LH:3
BRF:0
BRH:0
end_of_record
TN:
SF:src/Pages/Auth/Master/Partnership/handler.ts
FN:5,(anonymous_0)
FN:14,(anonymous_1)
FN:29,(anonymous_2)
FN:34,(anonymous_3)
FNF:4
FNH:2
FNDA:8,(anonymous_0)
FNDA:2,(anonymous_1)
FNDA:0,(anonymous_2)
FNDA:0,(anonymous_3)
DA:1,1
DA:2,1
DA:5,1
DA:6,8
DA:7,8
DA:8,8
DA:9,8
DA:10,8
DA:11,8
DA:12,8
DA:14,8
DA:15,2
DA:16,2
DA:17,2
DA:20,2
DA:22,2
DA:24,0
DA:26,2
DA:29,8
DA:30,0
DA:31,0
DA:34,8
DA:35,0
DA:36,0
DA:39,8
DA:42,1
LF:26
LH:21
BRDA:20,0,0,2
BRDA:20,0,1,0
BRF:2
BRH:1
end_of_record
TN:
SF:src/Pages/Auth/Master/Partnership/index.tsx
FN:15,(anonymous_1)
FN:28,(anonymous_2)
FNF:2
FNH:2
FNDA:4,(anonymous_1)
FNDA:2,(anonymous_2)
DA:1,1
DA:7,1
DA:8,1
DA:9,1
DA:10,1
DA:11,1
DA:12,1
DA:13,1
DA:15,1
DA:26,4
DA:28,4
DA:29,2
DA:30,0
DA:34,4
DA:76,1
LF:15
LH:14
BRDA:29,0,0,0
BRDA:56,1,0,1
BRDA:56,1,1,3
BRF:3
BRH:2
end_of_record
TN:
SF:src/Pages/Auth/Master/Partnership/styles.ts
FNF:0
FNH:0
DA:1,1
DA:3,1
DA:10,1
LF:3
LH:3
BRF:0
BRH:0
end_of_record
TN:
SF:src/Service/AxiosFetch.ts
FN:7,(anonymous_1)
FNF:1
FNH:1
FNDA:2,(anonymous_1)
DA:1,1
DA:7,1
DA:9,2
DA:17,2
DA:18,2
DA:19,2
DA:24,2
DA:25,2
DA:26,2
DA:27,2
DA:29,2
LF:11
LH:11
BRDA:17,0,0,2
BRF:1
BRH:1
end_of_record
TN:
SF:src/Service/Master/Partnership.ts
FN:4,(anonymous_0)
FN:14,(anonymous_1)
FN:39,usePartnershipService
FNF:3
FNH:3
FNDA:2,(anonymous_0)
FNDA:2,(anonymous_1)
FNDA:8,usePartnershipService
DA:2,1
DA:4,1
DA:5,2
DA:6,2
DA:14,2
DA:15,2
DA:30,2
DA:32,0
DA:33,0
DA:39,1
DA:40,8
LF:11
LH:9
BRF:0
BRH:0
end_of_record
